Performing C SOURCE FILE Test CMAKE_HAVE_LIBC_PTHREAD failed with the following output:
Change Dir: /home/ketch/CLionProjects/multithreaded-merge-sort/cmake-build-debug/CMakeFiles/CMakeTmp

Run Build Command(s):/usr/bin/make -f Makefile cmTC_80183/fast && make[1]: Entering directory '/home/ketch/CLionProjects/multithreaded-merge-sort/cmake-build-debug/CMakeFiles/CMakeTmp'
/usr/bin/make  -f CMakeFiles/cmTC_80183.dir/build.make CMakeFiles/cmTC_80183.dir/build
make[2]: Entering directory '/home/ketch/CLionProjects/multithreaded-merge-sort/cmake-build-debug/CMakeFiles/CMakeTmp'
Building C object CMakeFiles/cmTC_80183.dir/src.c.o
/usr/bin/cc -DCMAKE_HAVE_LIBC_PTHREAD  -std=gnu99 -o CMakeFiles/cmTC_80183.dir/src.c.o -c /home/ketch/CLionProjects/multithreaded-merge-sort/cmake-build-debug/CMakeFiles/CMakeTmp/src.c
Linking C executable cmTC_80183
/home/ketch/Downloads/clion-2021.2.3/bin/cmake/linux/bin/cmake -E cmake_link_script CMakeFiles/cmTC_80183.dir/link.txt --verbose=1
/usr/bin/cc CMakeFiles/cmTC_80183.dir/src.c.o -o cmTC_80183 
/usr/bin/ld: CMakeFiles/cmTC_80183.dir/src.c.o: in function `main':
src.c:(.text+0x46): undefined reference to `pthread_create'
/usr/bin/ld: src.c:(.text+0x52): undefined reference to `pthread_detach'
/usr/bin/ld: src.c:(.text+0x5e): undefined reference to `pthread_cancel'
/usr/bin/ld: src.c:(.text+0x6f): undefined reference to `pthread_join'
collect2: error: ld returned 1 exit status
make[2]: *** [CMakeFiles/cmTC_80183.dir/build.make:99: cmTC_80183] Error 1
make[2]: Leaving directory '/home/ketch/CLionProjects/multithreaded-merge-sort/cmake-build-debug/CMakeFiles/CMakeTmp'
make[1]: *** [Makefile:127: cmTC_80183/fast] Error 2
make[1]: Leaving directory '/home/ketch/CLionProjects/multithreaded-merge-sort/cmake-build-debug/CMakeFiles/CMakeTmp'


Source file was:
#include <pthread.h>

static void* test_func(void* data)
{
  return data;
}

int main(void)
{
  pthread_t thread;
  pthread_create(&thread, NULL, test_func, NULL);
  pthread_detach(thread);
  pthread_cancel(thread);
  pthread_join(thread, NULL);
  pthread_atfork(NULL, NULL, NULL);
  pthread_exit(NULL);

  return 0;
}

